CRITICAL - 2025-04-02 04:15:02 --> ErrorException: Cannot declare class App\Controllers\Producto because the name is already in use
[Method: GET, Route: producto]
in APPPATH\Controllers\Producto.php on line 8.
 1 [internal function]: CodeIgniter\Debug\Exceptions->shutdownHandler()
CRITICAL - 2025-04-02 04:19:09 --> ErrorException: Cannot declare class App\Controllers\Producto because the name is already in use
[Method: POST, Route: producto]
in APPPATH\Controllers\Producto.php on line 8.
 1 [internal function]: CodeIgniter\Debug\Exceptions->shutdownHandler()
CRITICAL - 2025-04-02 04:19:27 --> ErrorException: Cannot declare class App\Controllers\Producto because the name is already in use
[Method: POST, Route: producto]
in APPPATH\Controllers\Producto.php on line 8.
 1 [internal function]: CodeIgniter\Debug\Exceptions->shutdownHandler()
CRITICAL - 2025-04-02 04:19:36 --> ErrorException: Cannot declare class App\Controllers\Producto because the name is already in use
[Method: POST, Route: producto]
in APPPATH\Controllers\Producto.php on line 8.
 1 [internal function]: CodeIgniter\Debug\Exceptions->shutdownHandler()
CRITICAL - 2025-04-02 04:24:10 --> ErrorException: Cannot declare class App\Controllers\Producto because the name is already in use
[Method: POST, Route: producto]
in APPPATH\Controllers\Producto.php on line 8.
 1 [internal function]: CodeIgniter\Debug\Exceptions->shutdownHandler()
CRITICAL - 2025-04-02 04:25:23 --> ErrorException: Cannot declare class App\Controllers\Producto because the name is already in use
[Method: POST, Route: producto]
in APPPATH\Controllers\Producto.php on line 8.
 1 [internal function]: CodeIgniter\Debug\Exceptions->shutdownHandler()
CRITICAL - 2025-04-02 04:25:44 --> ErrorException: Cannot declare class App\Controllers\Producto because the name is already in use
[Method: POST, Route: producto]
in APPPATH\Controllers\Producto.php on line 8.
 1 [internal function]: CodeIgniter\Debug\Exceptions->shutdownHandler()
CRITICAL - 2025-04-02 04:28:38 --> ErrorException: Cannot declare class App\Controllers\Producto because the name is already in use
[Method: POST, Route: producto]
in APPPATH\Controllers\Producto.php on line 8.
 1 [internal function]: CodeIgniter\Debug\Exceptions->shutdownHandler()
CRITICAL - 2025-04-02 04:34:10 --> ErrorException: Cannot declare class App\Controllers\Producto because the name is already in use
[Method: POST, Route: producto]
in APPPATH\Controllers\Producto.php on line 8.
 1 [internal function]: CodeIgniter\Debug\Exceptions->shutdownHandler()
CRITICAL - 2025-04-02 04:34:47 --> ErrorException: Cannot declare class App\Controllers\Producto because the name is already in use
[Method: POST, Route: producto]
in APPPATH\Controllers\Producto.php on line 8.
 1 [internal function]: CodeIgniter\Debug\Exceptions->shutdownHandler()
CRITICAL - 2025-04-02 04:37:00 --> CodeIgniter\Database\Exceptions\DataException: There is no data to insert.
[Method: POST, Route: producto]
in SYSTEMPATH\BaseModel.php on line 1830.
 1 SYSTEMPATH\BaseModel.php(1830): CodeIgniter\Database\Exceptions\DataException::forEmptyDataset('insert')
 2 SYSTEMPATH\BaseModel.php(805): CodeIgniter\BaseModel->transformDataToArray([], 'insert')
 3 SYSTEMPATH\Model.php(800): CodeIgniter\BaseModel->insert([], true)
 4 APPPATH\Controllers\ProductoController.php(29): CodeIgniter\Model->insert([])
 5 SYSTEMPATH\CodeIgniter.php(933): App\Controllers\ProductoController->create()
 6 SYSTEMPATH\CodeIgniter.php(507): CodeIgniter\CodeIgniter->runController(Object(App\Controllers\ProductoController))
 7 SYSTEMPATH\CodeIgniter.php(354): CodeIgniter\CodeIgniter->handleRequest(null, Object(Config\Cache), false)
 8 SYSTEMPATH\Boot.php(334): CodeIgniter\CodeIgniter->run()
 9 SYSTEMPATH\Boot.php(67): CodeIgniter\Boot::runCodeIgniter(Object(CodeIgniter\CodeIgniter))
10 FCPATH\index.php(56): CodeIgniter\Boot::bootWeb(Object(Config\Paths))
11 SYSTEMPATH\rewrite.php(44): require_once('C:\\Users\\diana\\Documents\\xampp\\htdocs\\ecommerce-B2C-backend\\public\\index.php')
CRITICAL - 2025-04-02 04:40:47 --> CodeIgniter\Database\Exceptions\DataException: There is no data to update.
[Method: PUT, Route: producto/1]
in SYSTEMPATH\BaseModel.php on line 1010.
 1 SYSTEMPATH\BaseModel.php(1010): CodeIgniter\Database\Exceptions\DataException::forEmptyDataset('update')
 2 SYSTEMPATH\Model.php(863): CodeIgniter\BaseModel->update([...], [])
 3 APPPATH\Controllers\ProductoController.php(36): CodeIgniter\Model->update('1', [...])
 4 SYSTEMPATH\CodeIgniter.php(933): App\Controllers\ProductoController->update('1')
 5 SYSTEMPATH\CodeIgniter.php(507): CodeIgniter\CodeIgniter->runController(Object(App\Controllers\ProductoController))
 6 SYSTEMPATH\CodeIgniter.php(354): CodeIgniter\CodeIgniter->handleRequest(null, Object(Config\Cache), false)
 7 SYSTEMPATH\Boot.php(334): CodeIgniter\CodeIgniter->run()
 8 SYSTEMPATH\Boot.php(67): CodeIgniter\Boot::runCodeIgniter(Object(CodeIgniter\CodeIgniter))
 9 FCPATH\index.php(56): CodeIgniter\Boot::bootWeb(Object(Config\Paths))
10 SYSTEMPATH\rewrite.php(44): require_once('C:\\Users\\diana\\Documents\\xampp\\htdocs\\ecommerce-B2C-backend\\public\\index.php')
CRITICAL - 2025-04-02 06:18:25 --> ErrorException: Class App\Database\Migrations\CreateUsuariosTable contains 1 abstract method and must therefore be declared abstract or implement the remaining methods (CodeIgniter\Database\Migration::down)
[Method: CLI, Route: migrate]
in APPPATH\Database\Migrations\2025-04-02-061718_CreateUsuariosTable.php on line 7.
 1 [internal function]: CodeIgniter\Debug\Exceptions->shutdownHandler()
ERROR - 2025-04-02 06:26:23 --> mysqli_sql_exception: Table 'productos' already exists in C:\Users\diana\Documents\xampp\htdocs\ecommerce-B2C-backend\vendor\codeigniter4\framework\system\Database\MySQLi\Connection.php:327
Stack trace:
#0 C:\Users\diana\Documents\xampp\htdocs\ecommerce-B2C-backend\vendor\codeigniter4\framework\system\Database\MySQLi\Connection.php(327): mysqli->query('CREATE TABLE `p...', 0)
#1 C:\Users\diana\Documents\xampp\htdocs\ecommerce-B2C-backend\vendor\codeigniter4\framework\system\Database\BaseConnection.php(738): CodeIgniter\Database\MySQLi\Connection->execute('CREATE TABLE `p...')
#2 C:\Users\diana\Documents\xampp\htdocs\ecommerce-B2C-backend\vendor\codeigniter4\framework\system\Database\BaseConnection.php(652): CodeIgniter\Database\BaseConnection->simpleQuery('CREATE TABLE `p...')
#3 C:\Users\diana\Documents\xampp\htdocs\ecommerce-B2C-backend\vendor\codeigniter4\framework\system\Database\Forge.php(570): CodeIgniter\Database\BaseConnection->query('CREATE TABLE `p...')
#4 C:\Users\diana\Documents\xampp\htdocs\ecommerce-B2C-backend\app\Database\Migrations\2025-04-02-040627_CreateProductosTable.php(49): CodeIgniter\Database\Forge->createTable('productos')
#5 C:\Users\diana\Documents\xampp\htdocs\ecommerce-B2C-backend\vendor\codeigniter4\framework\system\Database\MigrationRunner.php(866): App\Database\Migrations\CreateProductosTable->up()
#6 C:\Users\diana\Documents\xampp\htdocs\ecommerce-B2C-backend\vendor\codeigniter4\framework\system\Database\MigrationRunner.php(182): CodeIgniter\Database\MigrationRunner->migrate('up', Object(stdClass))
#7 C:\Users\diana\Documents\xampp\htdocs\ecommerce-B2C-backend\vendor\codeigniter4\framework\system\Commands\Database\Migrate.php(85): CodeIgniter\Database\MigrationRunner->latest(NULL)
#8 C:\Users\diana\Documents\xampp\htdocs\ecommerce-B2C-backend\vendor\codeigniter4\framework\system\CLI\Commands.php(70): CodeIgniter\Commands\Database\Migrate->run(Array)
#9 C:\Users\diana\Documents\xampp\htdocs\ecommerce-B2C-backend\vendor\codeigniter4\framework\system\CLI\BaseCommand.php(119): CodeIgniter\CLI\Commands->run('migrate', Array)
#10 C:\Users\diana\Documents\xampp\htdocs\ecommerce-B2C-backend\vendor\codeigniter4\framework\system\Commands\Database\MigrateRefresh.php(87): CodeIgniter\CLI\BaseCommand->call('migrate', Array)
#11 C:\Users\diana\Documents\xampp\htdocs\ecommerce-B2C-backend\vendor\codeigniter4\framework\system\CLI\Commands.php(70): CodeIgniter\Commands\Database\MigrateRefresh->run(Array)
#12 C:\Users\diana\Documents\xampp\htdocs\ecommerce-B2C-backend\vendor\codeigniter4\framework\system\CLI\Console.php(48): CodeIgniter\CLI\Commands->run('migrate:refresh', Array)
#13 C:\Users\diana\Documents\xampp\htdocs\ecommerce-B2C-backend\vendor\codeigniter4\framework\system\Boot.php(360): CodeIgniter\CLI\Console->run()
#14 C:\Users\diana\Documents\xampp\htdocs\ecommerce-B2C-backend\vendor\codeigniter4\framework\system\Boot.php(104): CodeIgniter\Boot::runCommand(Object(CodeIgniter\CLI\Console))
#15 C:\Users\diana\Documents\xampp\htdocs\ecommerce-B2C-backend\spark(84): CodeIgniter\Boot::bootSpark(Object(Config\Paths))
#16 {main}
ERROR - 2025-04-02 06:27:48 --> mysqli_sql_exception: Table 'productos' already exists in C:\Users\diana\Documents\xampp\htdocs\ecommerce-B2C-backend\vendor\codeigniter4\framework\system\Database\MySQLi\Connection.php:327
Stack trace:
#0 C:\Users\diana\Documents\xampp\htdocs\ecommerce-B2C-backend\vendor\codeigniter4\framework\system\Database\MySQLi\Connection.php(327): mysqli->query('CREATE TABLE `p...', 0)
#1 C:\Users\diana\Documents\xampp\htdocs\ecommerce-B2C-backend\vendor\codeigniter4\framework\system\Database\BaseConnection.php(738): CodeIgniter\Database\MySQLi\Connection->execute('CREATE TABLE `p...')
#2 C:\Users\diana\Documents\xampp\htdocs\ecommerce-B2C-backend\vendor\codeigniter4\framework\system\Database\BaseConnection.php(652): CodeIgniter\Database\BaseConnection->simpleQuery('CREATE TABLE `p...')
#3 C:\Users\diana\Documents\xampp\htdocs\ecommerce-B2C-backend\vendor\codeigniter4\framework\system\Database\Forge.php(570): CodeIgniter\Database\BaseConnection->query('CREATE TABLE `p...')
#4 C:\Users\diana\Documents\xampp\htdocs\ecommerce-B2C-backend\app\Database\Migrations\2025-04-02-040627_CreateProductosTable.php(49): CodeIgniter\Database\Forge->createTable('productos')
#5 C:\Users\diana\Documents\xampp\htdocs\ecommerce-B2C-backend\vendor\codeigniter4\framework\system\Database\MigrationRunner.php(866): App\Database\Migrations\CreateProductosTable->up()
#6 C:\Users\diana\Documents\xampp\htdocs\ecommerce-B2C-backend\vendor\codeigniter4\framework\system\Database\MigrationRunner.php(182): CodeIgniter\Database\MigrationRunner->migrate('up', Object(stdClass))
#7 C:\Users\diana\Documents\xampp\htdocs\ecommerce-B2C-backend\vendor\codeigniter4\framework\system\Commands\Database\Migrate.php(85): CodeIgniter\Database\MigrationRunner->latest(NULL)
#8 C:\Users\diana\Documents\xampp\htdocs\ecommerce-B2C-backend\vendor\codeigniter4\framework\system\CLI\Commands.php(70): CodeIgniter\Commands\Database\Migrate->run(Array)
#9 C:\Users\diana\Documents\xampp\htdocs\ecommerce-B2C-backend\vendor\codeigniter4\framework\system\CLI\BaseCommand.php(119): CodeIgniter\CLI\Commands->run('migrate', Array)
#10 C:\Users\diana\Documents\xampp\htdocs\ecommerce-B2C-backend\vendor\codeigniter4\framework\system\Commands\Database\MigrateRefresh.php(87): CodeIgniter\CLI\BaseCommand->call('migrate', Array)
#11 C:\Users\diana\Documents\xampp\htdocs\ecommerce-B2C-backend\vendor\codeigniter4\framework\system\CLI\Commands.php(70): CodeIgniter\Commands\Database\MigrateRefresh->run(Array)
#12 C:\Users\diana\Documents\xampp\htdocs\ecommerce-B2C-backend\vendor\codeigniter4\framework\system\CLI\Console.php(48): CodeIgniter\CLI\Commands->run('migrate:refresh', Array)
#13 C:\Users\diana\Documents\xampp\htdocs\ecommerce-B2C-backend\vendor\codeigniter4\framework\system\Boot.php(360): CodeIgniter\CLI\Console->run()
#14 C:\Users\diana\Documents\xampp\htdocs\ecommerce-B2C-backend\vendor\codeigniter4\framework\system\Boot.php(104): CodeIgniter\Boot::runCommand(Object(CodeIgniter\CLI\Console))
#15 C:\Users\diana\Documents\xampp\htdocs\ecommerce-B2C-backend\spark(84): CodeIgniter\Boot::bootSpark(Object(Config\Paths))
#16 {main}
ERROR - 2025-04-02 06:41:28 --> mysqli_sql_exception: Unknown column 'contrasena' in 'field list' in C:\Users\diana\Documents\xampp\htdocs\ecommerce-B2C-backend\vendor\codeigniter4\framework\system\Database\MySQLi\Connection.php:327
Stack trace:
#0 C:\Users\diana\Documents\xampp\htdocs\ecommerce-B2C-backend\vendor\codeigniter4\framework\system\Database\MySQLi\Connection.php(327): mysqli->query('INSERT INTO `us...', 0)
#1 C:\Users\diana\Documents\xampp\htdocs\ecommerce-B2C-backend\vendor\codeigniter4\framework\system\Database\BaseConnection.php(738): CodeIgniter\Database\MySQLi\Connection->execute('INSERT INTO `us...')
#2 C:\Users\diana\Documents\xampp\htdocs\ecommerce-B2C-backend\vendor\codeigniter4\framework\system\Database\BaseConnection.php(652): CodeIgniter\Database\BaseConnection->simpleQuery('INSERT INTO `us...')
#3 C:\Users\diana\Documents\xampp\htdocs\ecommerce-B2C-backend\vendor\codeigniter4\framework\system\Database\BaseBuilder.php(2345): CodeIgniter\Database\BaseConnection->query('INSERT INTO `us...', Array, false)
#4 C:\Users\diana\Documents\xampp\htdocs\ecommerce-B2C-backend\vendor\codeigniter4\framework\system\Model.php(394): CodeIgniter\Database\BaseBuilder->insert()
#5 C:\Users\diana\Documents\xampp\htdocs\ecommerce-B2C-backend\vendor\codeigniter4\framework\system\BaseModel.php(839): CodeIgniter\Model->doInsert(Array)
#6 C:\Users\diana\Documents\xampp\htdocs\ecommerce-B2C-backend\vendor\codeigniter4\framework\system\Model.php(800): CodeIgniter\BaseModel->insert(Array, true)
#7 C:\Users\diana\Documents\xampp\htdocs\ecommerce-B2C-backend\app\Controllers\AuthController.php(30): CodeIgniter\Model->insert(Array)
#8 C:\Users\diana\Documents\xampp\htdocs\ecommerce-B2C-backend\vendor\codeigniter4\framework\system\CodeIgniter.php(933): App\Controllers\AuthController->register()
#9 C:\Users\diana\Documents\xampp\htdocs\ecommerce-B2C-backend\vendor\codeigniter4\framework\system\CodeIgniter.php(507): CodeIgniter\CodeIgniter->runController(Object(App\Controllers\AuthController))
#10 C:\Users\diana\Documents\xampp\htdocs\ecommerce-B2C-backend\vendor\codeigniter4\framework\system\CodeIgniter.php(354): CodeIgniter\CodeIgniter->handleRequest(NULL, Object(Config\Cache), false)
#11 C:\Users\diana\Documents\xampp\htdocs\ecommerce-B2C-backend\vendor\codeigniter4\framework\system\Boot.php(334): CodeIgniter\CodeIgniter->run()
#12 C:\Users\diana\Documents\xampp\htdocs\ecommerce-B2C-backend\vendor\codeigniter4\framework\system\Boot.php(67): CodeIgniter\Boot::runCodeIgniter(Object(CodeIgniter\CodeIgniter))
#13 C:\Users\diana\Documents\xampp\htdocs\ecommerce-B2C-backend\public\index.php(56): CodeIgniter\Boot::bootWeb(Object(Config\Paths))
#14 C:\Users\diana\Documents\xampp\htdocs\ecommerce-B2C-backend\vendor\codeigniter4\framework\system\rewrite.php(44): require_once('C:\\Users\\diana\\...')
#15 {main}
CRITICAL - 2025-04-02 06:41:28 --> CodeIgniter\Database\Exceptions\DatabaseException: Unknown column 'contrasena' in 'field list'
[Method: POST, Route: register]
in SYSTEMPATH\Database\BaseConnection.php on line 692.
 1 SYSTEMPATH\Database\BaseBuilder.php(2345): CodeIgniter\Database\BaseConnection->query('INSERT INTO `usuarios` (`nombre`, `apellido`, `fecha_nacimiento`, `correo`, `contrasena`, `telefono`, `rol`, `created_at`, `updated_at`) VALUES (:nombre:, :apellido:, :fecha_nacimiento:, :correo:, :contrasena:, :telefono:, :rol:, :created_at:, :updated_at:)', [...], false)
 2 SYSTEMPATH\Model.php(394): CodeIgniter\Database\BaseBuilder->insert()
 3 SYSTEMPATH\BaseModel.php(839): CodeIgniter\Model->doInsert([...])
 4 SYSTEMPATH\Model.php(800): CodeIgniter\BaseModel->insert([...], true)
 5 APPPATH\Controllers\AuthController.php(30): CodeIgniter\Model->insert([...])
 6 SYSTEMPATH\CodeIgniter.php(933): App\Controllers\AuthController->register()
 7 SYSTEMPATH\CodeIgniter.php(507): CodeIgniter\CodeIgniter->runController(Object(App\Controllers\AuthController))
 8 SYSTEMPATH\CodeIgniter.php(354): CodeIgniter\CodeIgniter->handleRequest(null, Object(Config\Cache), false)
 9 SYSTEMPATH\Boot.php(334): CodeIgniter\CodeIgniter->run()
10 SYSTEMPATH\Boot.php(67): CodeIgniter\Boot::runCodeIgniter(Object(CodeIgniter\CodeIgniter))
11 FCPATH\index.php(56): CodeIgniter\Boot::bootWeb(Object(Config\Paths))
12 SYSTEMPATH\rewrite.php(44): require_once('C:\\Users\\diana\\Documents\\xampp\\htdocs\\ecommerce-B2C-backend\\public\\index.php')
CRITICAL - 2025-04-02 06:41:28 --> [Caused by] CodeIgniter\Database\Exceptions\DatabaseException: Unknown column 'contrasena' in 'field list'
in SYSTEMPATH\Database\MySQLi\Connection.php on line 332.
 1 SYSTEMPATH\Database\BaseConnection.php(738): CodeIgniter\Database\MySQLi\Connection->execute('INSERT INTO `usuarios` (`nombre`, `apellido`, `fecha_nacimiento`, `correo`, `contrasena`, `telefono`, `rol`, `created_at`, `updated_at`) VALUES (\'Diana\', \'Bello\', \'1990-04-02\', \'diana@example.com\', \'$2y$10$iaHjuaxc5vUS8maLEXTyA.PzYUUiUw156M8J1LhTFhiQ1.SDKaQ6e\', \'123456789\', \'SHOPPER\', \'2025-04-02 06:41:28\', \'2025-04-02 06:41:28\')')
 2 SYSTEMPATH\Database\BaseConnection.php(652): CodeIgniter\Database\BaseConnection->simpleQuery('INSERT INTO `usuarios` (`nombre`, `apellido`, `fecha_nacimiento`, `correo`, `contrasena`, `telefono`, `rol`, `created_at`, `updated_at`) VALUES (\'Diana\', \'Bello\', \'1990-04-02\', \'diana@example.com\', \'$2y$10$iaHjuaxc5vUS8maLEXTyA.PzYUUiUw156M8J1LhTFhiQ1.SDKaQ6e\', \'123456789\', \'SHOPPER\', \'2025-04-02 06:41:28\', \'2025-04-02 06:41:28\')')
 3 SYSTEMPATH\Database\BaseBuilder.php(2345): CodeIgniter\Database\BaseConnection->query('INSERT INTO `usuarios` (`nombre`, `apellido`, `fecha_nacimiento`, `correo`, `contrasena`, `telefono`, `rol`, `created_at`, `updated_at`) VALUES (:nombre:, :apellido:, :fecha_nacimiento:, :correo:, :contrasena:, :telefono:, :rol:, :created_at:, :updated_at:)', [...], false)
 4 SYSTEMPATH\Model.php(394): CodeIgniter\Database\BaseBuilder->insert()
 5 SYSTEMPATH\BaseModel.php(839): CodeIgniter\Model->doInsert([...])
 6 SYSTEMPATH\Model.php(800): CodeIgniter\BaseModel->insert([...], true)
 7 APPPATH\Controllers\AuthController.php(30): CodeIgniter\Model->insert([...])
 8 SYSTEMPATH\CodeIgniter.php(933): App\Controllers\AuthController->register()
 9 SYSTEMPATH\CodeIgniter.php(507): CodeIgniter\CodeIgniter->runController(Object(App\Controllers\AuthController))
10 SYSTEMPATH\CodeIgniter.php(354): CodeIgniter\CodeIgniter->handleRequest(null, Object(Config\Cache), false)
11 SYSTEMPATH\Boot.php(334): CodeIgniter\CodeIgniter->run()
12 SYSTEMPATH\Boot.php(67): CodeIgniter\Boot::runCodeIgniter(Object(CodeIgniter\CodeIgniter))
13 FCPATH\index.php(56): CodeIgniter\Boot::bootWeb(Object(Config\Paths))
14 SYSTEMPATH\rewrite.php(44): require_once('C:\\Users\\diana\\Documents\\xampp\\htdocs\\ecommerce-B2C-backend\\public\\index.php')
CRITICAL - 2025-04-02 06:41:28 --> [Caused by] mysqli_sql_exception: Unknown column 'contrasena' in 'field list'
in SYSTEMPATH\Database\MySQLi\Connection.php on line 327.
 1 SYSTEMPATH\Database\MySQLi\Connection.php(327): mysqli->query('INSERT INTO `usuarios` (`nombre`, `apellido`, `fecha_nacimiento`, `correo`, `contrasena`, `telefono`, `rol`, `created_at`, `updated_at`) VALUES (\'Diana\', \'Bello\', \'1990-04-02\', \'diana@example.com\', \'$2y$10$iaHjuaxc5vUS8maLEXTyA.PzYUUiUw156M8J1LhTFhiQ1.SDKaQ6e\', \'123456789\', \'SHOPPER\', \'2025-04-02 06:41:28\', \'2025-04-02 06:41:28\')', 0)
 2 SYSTEMPATH\Database\BaseConnection.php(738): CodeIgniter\Database\MySQLi\Connection->execute('INSERT INTO `usuarios` (`nombre`, `apellido`, `fecha_nacimiento`, `correo`, `contrasena`, `telefono`, `rol`, `created_at`, `updated_at`) VALUES (\'Diana\', \'Bello\', \'1990-04-02\', \'diana@example.com\', \'$2y$10$iaHjuaxc5vUS8maLEXTyA.PzYUUiUw156M8J1LhTFhiQ1.SDKaQ6e\', \'123456789\', \'SHOPPER\', \'2025-04-02 06:41:28\', \'2025-04-02 06:41:28\')')
 3 SYSTEMPATH\Database\BaseConnection.php(652): CodeIgniter\Database\BaseConnection->simpleQuery('INSERT INTO `usuarios` (`nombre`, `apellido`, `fecha_nacimiento`, `correo`, `contrasena`, `telefono`, `rol`, `created_at`, `updated_at`) VALUES (\'Diana\', \'Bello\', \'1990-04-02\', \'diana@example.com\', \'$2y$10$iaHjuaxc5vUS8maLEXTyA.PzYUUiUw156M8J1LhTFhiQ1.SDKaQ6e\', \'123456789\', \'SHOPPER\', \'2025-04-02 06:41:28\', \'2025-04-02 06:41:28\')')
 4 SYSTEMPATH\Database\BaseBuilder.php(2345): CodeIgniter\Database\BaseConnection->query('INSERT INTO `usuarios` (`nombre`, `apellido`, `fecha_nacimiento`, `correo`, `contrasena`, `telefono`, `rol`, `created_at`, `updated_at`) VALUES (:nombre:, :apellido:, :fecha_nacimiento:, :correo:, :contrasena:, :telefono:, :rol:, :created_at:, :updated_at:)', [...], false)
 5 SYSTEMPATH\Model.php(394): CodeIgniter\Database\BaseBuilder->insert()
 6 SYSTEMPATH\BaseModel.php(839): CodeIgniter\Model->doInsert([...])
 7 SYSTEMPATH\Model.php(800): CodeIgniter\BaseModel->insert([...], true)
 8 APPPATH\Controllers\AuthController.php(30): CodeIgniter\Model->insert([...])
 9 SYSTEMPATH\CodeIgniter.php(933): App\Controllers\AuthController->register()
10 SYSTEMPATH\CodeIgniter.php(507): CodeIgniter\CodeIgniter->runController(Object(App\Controllers\AuthController))
11 SYSTEMPATH\CodeIgniter.php(354): CodeIgniter\CodeIgniter->handleRequest(null, Object(Config\Cache), false)
12 SYSTEMPATH\Boot.php(334): CodeIgniter\CodeIgniter->run()
13 SYSTEMPATH\Boot.php(67): CodeIgniter\Boot::runCodeIgniter(Object(CodeIgniter\CodeIgniter))
14 FCPATH\index.php(56): CodeIgniter\Boot::bootWeb(Object(Config\Paths))
15 SYSTEMPATH\rewrite.php(44): require_once('C:\\Users\\diana\\Documents\\xampp\\htdocs\\ecommerce-B2C-backend\\public\\index.php')
CRITICAL - 2025-04-02 06:42:16 --> Error: Call to undefined method App\Controllers\AuthController::failValidationError()
[Method: POST, Route: register]
in APPPATH\Controllers\AuthController.php on line 20.
 1 SYSTEMPATH\CodeIgniter.php(933): App\Controllers\AuthController->register()
 2 SYSTEMPATH\CodeIgniter.php(507): CodeIgniter\CodeIgniter->runController(Object(App\Controllers\AuthController))
 3 SYSTEMPATH\CodeIgniter.php(354): CodeIgniter\CodeIgniter->handleRequest(null, Object(Config\Cache), false)
 4 SYSTEMPATH\Boot.php(334): CodeIgniter\CodeIgniter->run()
 5 SYSTEMPATH\Boot.php(67): CodeIgniter\Boot::runCodeIgniter(Object(CodeIgniter\CodeIgniter))
 6 FCPATH\index.php(56): CodeIgniter\Boot::bootWeb(Object(Config\Paths))
 7 SYSTEMPATH\rewrite.php(44): require_once('C:\\Users\\diana\\Documents\\xampp\\htdocs\\ecommerce-B2C-backend\\public\\index.php')
CRITICAL - 2025-04-02 06:45:49 --> Error: Call to undefined method App\Controllers\AuthController::failValidationError()
[Method: POST, Route: register]
in APPPATH\Controllers\AuthController.php on line 20.
 1 SYSTEMPATH\CodeIgniter.php(933): App\Controllers\AuthController->register()
 2 SYSTEMPATH\CodeIgniter.php(507): CodeIgniter\CodeIgniter->runController(Object(App\Controllers\AuthController))
 3 SYSTEMPATH\CodeIgniter.php(354): CodeIgniter\CodeIgniter->handleRequest(null, Object(Config\Cache), false)
 4 SYSTEMPATH\Boot.php(334): CodeIgniter\CodeIgniter->run()
 5 SYSTEMPATH\Boot.php(67): CodeIgniter\Boot::runCodeIgniter(Object(CodeIgniter\CodeIgniter))
 6 FCPATH\index.php(56): CodeIgniter\Boot::bootWeb(Object(Config\Paths))
 7 SYSTEMPATH\rewrite.php(44): require_once('C:\\Users\\diana\\Documents\\xampp\\htdocs\\ecommerce-B2C-backend\\public\\index.php')
DEBUG - 2025-04-02 06:47:00 --> Session: Class initialized using 'CodeIgniter\Session\Handlers\FileHandler' driver.
